Using pre-set license
Built from '2021.1/staging' branch; Version is '2021.1.12f1 (afcadd793de6) revision 11520733'; Using compiler version '192528614'; Build Type 'Release'
OS: 'Windows 10 Home; OS build 19041.1052; Version 2004; 64bit' Language: 'en' Physical Memory: 16309 MB
BatchMode: 1, IsHumanControllingUs: 0, StartBugReporterOnCrash: 0, Is64bit: 1, IsPro: 0

 COMMAND LINE ARGUMENTS:
C:\Program Files\Unity\Hub\Editor\2021.1.12f1\Editor\Unity.exe
-adb2
-batchMode
-noUpm
-name
AssetImportWorker0
-projectPath
C:/Users/gurra/OneDrive/Dokument/GitHub/SummerProject/SummerWork
-logFile
Logs/AssetImportWorker0.log
-srvPort
62213
Successfully changed project path to: C:/Users/gurra/OneDrive/Dokument/GitHub/SummerProject/SummerWork
C:/Users/gurra/OneDrive/Dokument/GitHub/SummerProject/SummerWork
Using Asset Import Pipeline V2.
Refreshing native plugins compatible for Editor in 172.07 ms, found 4 plugins.
Preloading 0 native plugins for Editor in 0.00 ms.
Initialize engine version: 2021.1.12f1 (afcadd793de6)
[Subsystems] Discovering subsystems at path C:/Program Files/Unity/Hub/Editor/2021.1.12f1/Editor/Data/Resources/UnitySubsystems
[Subsystems] Discovering subsystems at path C:/Users/gurra/OneDrive/Dokument/GitHub/SummerProject/SummerWork/Assets
GfxDevice: creating device client; threaded=0; jobified=0
Direct3D:
    Version:  Direct3D 11.0 [level 11.1]
    Renderer: NVIDIA GeForce GTX 1060 3GB (ID=0x1c02)
    Vendor:   NVIDIA
    VRAM:     2988 MB
    Driver:   27.21.14.6089
Initialize mono
Mono path[0] = 'C:/Program Files/Unity/Hub/Editor/2021.1.12f1/Editor/Data/Managed'
Mono path[1] = 'C:/Program Files/Unity/Hub/Editor/2021.1.12f1/Editor/Data/MonoBleedingEdge/lib/mono/unityjit'
Mono config path = 'C:/Program Files/Unity/Hub/Editor/2021.1.12f1/Editor/Data/MonoBleedingEdge/etc'
Using monoOptions --debugger-agent=transport=dt_socket,embedding=1,server=y,suspend=n,address=127.0.0.1:56232
Begin MonoManager ReloadAssembly
Registering precompiled unity dll's ...
Register platform support module: C:/Program Files/Unity/Hub/Editor/2021.1.12f1/Editor/Data/PlaybackEngines/WindowsStandaloneSupport/UnityEditor.WindowsStandalone.Extensions.dll
Registered in 0.002471 seconds.
Native extension for WindowsStandalone target not found
Refreshing native plugins compatible for Editor in 143.32 ms, found 4 plugins.
Preloading 0 native plugins for Editor in 0.00 ms.
Mono: successfully reloaded assembly
- Completed reload, in  1.634 seconds
Domain Reload Profiling:
	ReloadAssembly (1634ms)
		BeginReloadAssembly (95ms)
			ExecutionOrderSort (0ms)
			DisableScriptedObjects (0ms)
			BackupInstance (0ms)
			ReleaseScriptingObjects (0ms)
			CreateAndSetChildDomain (2ms)
		EndReloadAssembly (609ms)
			LoadAssemblies (90ms)
			RebuildTransferFunctionScriptingTraits (0ms)
			SetupTypeCache (208ms)
			ReleaseScriptCaches (0ms)
			RebuildScriptCaches (38ms)
			SetupLoadedEditorAssemblies (307ms)
				LogAssemblyErrors (0ms)
				InitializePlatformSupportModulesInManaged (7ms)
				SetLoadedEditorAssemblies (0ms)
				RefreshPlugins (143ms)
				BeforeProcessingInitializeOnLoad (1ms)
				ProcessInitializeOnLoadAttributes (118ms)
				ProcessInitializeOnLoadMethodAttributes (36ms)
				AfterProcessingInitializeOnLoad (0ms)
				EditorAssembliesLoaded (0ms)
			ExecutionOrderSort2 (0ms)
			AwakeInstancesAfterBackupRestoration (0ms)
Platform modules already initialized, skipping
Registering precompiled user dll's ...
Registered in 0.010141 seconds.
Begin MonoManager ReloadAssembly
Symbol file LoadedFromMemory doesn't match image C:\Users\gurra\OneDrive\Dokument\GitHub\SummerProject\SummerWork\Library\PackageCache\com.unity.visualscripting@1.6.1\Editor\VisualScripting.Core\Dependencies\YamlDotNet\Unity.VisualScripting.YamlDotNet.dll
Symbol file LoadedFromMemory doesn't match image C:\Users\gurra\OneDrive\Dokument\GitHub\SummerProject\SummerWork\Library\PackageCache\com.unity.visualscripting@1.6.1\Editor\VisualScripting.Core\Dependencies\DotNetZip\Unity.VisualScripting.IonicZip.dll
Native extension for WindowsStandalone target not found
Refreshing native plugins compatible for Editor in 148.10 ms, found 4 plugins.
Preloading 0 native plugins for Editor in 0.00 ms.
Mono: successfully reloaded assembly
- Completed reload, in  1.801 seconds
Domain Reload Profiling:
	ReloadAssembly (1801ms)
		BeginReloadAssembly (176ms)
			ExecutionOrderSort (0ms)
			DisableScriptedObjects (5ms)
			BackupInstance (0ms)
			ReleaseScriptingObjects (0ms)
			CreateAndSetChildDomain (25ms)
		EndReloadAssembly (1552ms)
			LoadAssemblies (117ms)
			RebuildTransferFunctionScriptingTraits (0ms)
			SetupTypeCache (534ms)
			ReleaseScriptCaches (1ms)
			RebuildScriptCaches (78ms)
			SetupLoadedEditorAssemblies (706ms)
				LogAssemblyErrors (0ms)
				InitializePlatformSupportModulesInManaged (5ms)
				SetLoadedEditorAssemblies (0ms)
				RefreshPlugins (148ms)
				BeforeProcessingInitializeOnLoad (138ms)
				ProcessInitializeOnLoadAttributes (385ms)
				ProcessInitializeOnLoadMethodAttributes (19ms)
				AfterProcessingInitializeOnLoad (10ms)
				EditorAssembliesLoaded (0ms)
			ExecutionOrderSort2 (0ms)
			AwakeInstancesAfterBackupRestoration (7ms)
Platform modules already initialized, skipping
========================================================================
Worker process is ready to serve import requests
Launched and connected shader compiler UnityShaderCompiler.exe after 0.06 seconds
Refreshing native plugins compatible for Editor in 0.92 ms, found 4 plugins.
Preloading 0 native plugins for Editor in 0.00 ms.
Unloading 5052 Unused Serialized files (Serialized files now loaded: 0)
System memory in use before: 184.9 MB.
System memory in use after: 185.2 MB.

Unloading 40 unused Assets to reduce memory usage. Loaded Objects now: 5501.
Total: 7.594100 ms (FindLiveObjects: 0.867300 ms CreateObjectMapping: 0.864000 ms MarkObjects: 5.657400 ms  DeleteObjects: 0.203800 ms)

AssetImportParameters requested are different than current active one (requested -> active):
  custom:framework-win-MediaFoundation: 216162199b28c13a410421893ffa2e32 -> 
  custom:video-decoder-ogg-theora: a1e56fd34408186e4bbccfd4996cb3dc -> 
  custom:container-muxer-webm: aa71ff27fc2769a1b78a27578f13a17b -> 
  custom:container-demuxer-webm: 4f35f7cbe854078d1ac9338744f61a02 -> 
  custom:container-demuxer-ogg: 62fdf1f143b41e24485cea50d1cbac27 -> 
  custom:video-encoder-webm-vp8: eb34c28f22e8b96e1ab97ce403110664 -> 
  custom:video-codec-MediaFoundation-h265: 746d11721c4dcdbdad8f713fa42b33f4 -> 
  custom:video-decoder-webm-vp8: 9c59270c3fd7afecdb556c50c9e8de78 -> 
  custom:audio-decoder-ogg-vorbis: bf7c407c2cedff20999df2af8eb42d56 -> 
  custom:audio-encoder-webm-vorbis: bf7c407c2cedff20999df2af8eb42d56 -> 
========================================================================
Received Import Request.
  path: Assets/MovementScript.cs
  artifactKey: Guid(842efb7b6cc6b054aaaa272571535703) Importer(815301076,1909f56bfc062723c751e8b465ee728b)
Start importing Assets/MovementScript.cs using Guid(842efb7b6cc6b054aaaa272571535703) Importer(815301076,1909f56bfc062723c751e8b465ee728b)  -> (artifact id: '99c44f3cb8a0c7523079a2625dd23945') in 0.064536 seconds 
========================================================================
Received Import Request.
  Time since last request: 7.455619 seconds.
  path: Assets/StarField.shadergraph
  artifactKey: Guid(16017ba4ff1d71541aa0a211f2aa7054) Importer(815301076,1909f56bfc062723c751e8b465ee728b)
Start importing Assets/StarField.shadergraph using Guid(16017ba4ff1d71541aa0a211f2aa7054) Importer(815301076,1909f56bfc062723c751e8b465ee728b)  -> (artifact id: '0655c933858535ece0f72a6acaef9441') in 0.048357 seconds 
========================================================================
Received Prepare
Registering precompiled user dll's ...
Registered in 0.032035 seconds.
Begin MonoManager ReloadAssembly
Symbol file LoadedFromMemory doesn't match image C:\Users\gurra\OneDrive\Dokument\GitHub\SummerProject\SummerWork\Library\PackageCache\com.unity.visualscripting@1.6.1\Editor\VisualScripting.Core\Dependencies\YamlDotNet\Unity.VisualScripting.YamlDotNet.dll
Symbol file LoadedFromMemory doesn't match image C:\Users\gurra\OneDrive\Dokument\GitHub\SummerProject\SummerWork\Library\PackageCache\com.unity.visualscripting@1.6.1\Editor\VisualScripting.Core\Dependencies\DotNetZip\Unity.VisualScripting.IonicZip.dll
Native extension for WindowsStandalone target not found
Refreshing native plugins compatible for Editor in 1.00 ms, found 4 plugins.
Preloading 0 native plugins for Editor in 0.00 ms.
Mono: successfully reloaded assembly
- Completed reload, in  1.755 seconds
Domain Reload Profiling:
	ReloadAssembly (1755ms)
		BeginReloadAssembly (168ms)
			ExecutionOrderSort (0ms)
			DisableScriptedObjects (10ms)
			BackupInstance (0ms)
			ReleaseScriptingObjects (0ms)
			CreateAndSetChildDomain (63ms)
		EndReloadAssembly (1506ms)
			LoadAssemblies (166ms)
			RebuildTransferFunctionScriptingTraits (0ms)
			SetupTypeCache (551ms)
			ReleaseScriptCaches (5ms)
			RebuildScriptCaches (68ms)
			SetupLoadedEditorAssemblies (559ms)
				LogAssemblyErrors (0ms)
				InitializePlatformSupportModulesInManaged (7ms)
				SetLoadedEditorAssemblies (1ms)
				RefreshPlugins (1ms)
				BeforeProcessingInitializeOnLoad (114ms)
				ProcessInitializeOnLoadAttributes (417ms)
				ProcessInitializeOnLoadMethodAttributes (10ms)
				AfterProcessingInitializeOnLoad (9ms)
				EditorAssembliesLoaded (0ms)
			ExecutionOrderSort2 (0ms)
			AwakeInstancesAfterBackupRestoration (13ms)
Platform modules already initialized, skipping
Shader 'Universal Render Pipeline/Nature/SpeedTree7': dependency 'BillboardShader' shader 'Universal Render Pipeline/Nature/SpeedTree7 Billboard' not found
Shader 'Universal Render Pipeline/Baked Lit': fallback shader 'Universal Render Pipeline/Unlit' not found
Shader 'Universal Render Pipeline/Simple Lit': fallback shader 'Hidden/Universal Render Pipeline/FallbackError' not found
Shader 'Universal Render Pipeline/Terrain/Lit': fallback shader 'Hidden/Universal Render Pipeline/FallbackError' not found
Shader 'Universal Render Pipeline/Terrain/Lit': dependency 'AddPassShader' shader 'Hidden/Universal Render Pipeline/Terrain/Lit (Add Pass)' not found
Shader 'Universal Render Pipeline/Terrain/Lit': dependency 'BaseMapShader' shader 'Hidden/Universal Render Pipeline/Terrain/Lit (Base Pass)' not found
Shader 'Universal Render Pipeline/Terrain/Lit': dependency 'BaseMapGenShader' shader 'Hidden/Universal Render Pipeline/Terrain/Lit (Basemap Gen)' not found
Shader 'Hidden/Universal Render Pipeline/Terrain/Lit (Base Pass)': fallback shader 'Hidden/Universal Render Pipeline/FallbackError' not found
Shader 'Hidden/Universal Render Pipeline/Terrain/Lit (Add Pass)': fallback shader 'Hidden/Universal Render Pipeline/FallbackError' not found
Refreshing native plugins compatible for Editor in 1.03 ms, found 4 plugins.
Preloading 0 native plugins for Editor in 0.00 ms.
Unloading 5312 Unused Serialized files (Serialized files now loaded: 0)
System memory in use before: 201.0 MB.
System memory in use after: 197.1 MB.

Unloading 76 unused Assets to reduce memory usage. Loaded Objects now: 5758.
Total: 7.338900 ms (FindLiveObjects: 0.850200 ms CreateObjectMapping: 0.875700 ms MarkObjects: 3.842300 ms  DeleteObjects: 1.769300 ms)

AssetImportParameters requested are different than current active one (requested -> active):
  custom:framework-win-MediaFoundation: 216162199b28c13a410421893ffa2e32 -> 
  custom:video-decoder-ogg-theora: a1e56fd34408186e4bbccfd4996cb3dc -> 
  custom:container-muxer-webm: aa71ff27fc2769a1b78a27578f13a17b -> 
  custom:container-demuxer-webm: 4f35f7cbe854078d1ac9338744f61a02 -> 
  custom:container-demuxer-ogg: 62fdf1f143b41e24485cea50d1cbac27 -> 
  custom:video-encoder-webm-vp8: eb34c28f22e8b96e1ab97ce403110664 -> 
  custom:video-codec-MediaFoundation-h265: 746d11721c4dcdbdad8f713fa42b33f4 -> 
  custom:video-decoder-webm-vp8: 9c59270c3fd7afecdb556c50c9e8de78 -> 
  custom:audio-decoder-ogg-vorbis: bf7c407c2cedff20999df2af8eb42d56 -> 
  custom:audio-encoder-webm-vorbis: bf7c407c2cedff20999df2af8eb42d56 -> 
========================================================================
Received Import Request.
  Time since last request: 1539.826026 seconds.
  path: Assets/2D renderer data.asset
  artifactKey: Guid(398fc2e3062c8d24091780fc5aa3d49c) Importer(815301076,1909f56bfc062723c751e8b465ee728b)
Start importing Assets/2D renderer data.asset using Guid(398fc2e3062c8d24091780fc5aa3d49c) Importer(815301076,1909f56bfc062723c751e8b465ee728b)  -> (artifact id: 'c93031f3fc39084da399f3c7ccf14d37') in 0.077712 seconds 
========================================================================
Received Import Request.
  Time since last request: 8.520746 seconds.
  path: Assets/BulletScript.cs
  artifactKey: Guid(d43134c8d9e2af644a2120e1bb7b6e36) Importer(815301076,1909f56bfc062723c751e8b465ee728b)
Start importing Assets/BulletScript.cs using Guid(d43134c8d9e2af644a2120e1bb7b6e36) Importer(815301076,1909f56bfc062723c751e8b465ee728b)  -> (artifact id: '725084e8ae1a5df677dd9d0962a6a136') in 0.016626 seconds 
========================================================================
Received Import Request.
  Time since last request: 19.565595 seconds.
  path: Assets/UniversalRenderPipelineAsset.asset
  artifactKey: Guid(0b5e08c830a2b934b84586cd776020ad) Importer(815301076,1909f56bfc062723c751e8b465ee728b)
Start importing Assets/UniversalRenderPipelineAsset.asset using Guid(0b5e08c830a2b934b84586cd776020ad) Importer(815301076,1909f56bfc062723c751e8b465ee728b)  -> (artifact id: '0d4e57ffb5883e5927c273a4ec921826') in 0.013151 seconds 
========================================================================
Received Import Request.
  Time since last request: 36.899665 seconds.
  path: Assets/UniversalRenderPipelineAsset_Renderer.asset
  artifactKey: Guid(2759411a374906b43b0a14873abc8819) Importer(815301076,1909f56bfc062723c751e8b465ee728b)
Start importing Assets/UniversalRenderPipelineAsset_Renderer.asset using Guid(2759411a374906b43b0a14873abc8819) Importer(815301076,1909f56bfc062723c751e8b465ee728b)  -> (artifact id: 'c264128e3c9967e0381d2d7c91c50d9f') in 0.013707 seconds 
========================================================================
Received Prepare
Switching render pipeline 00000000000000000000000000000000 -> 0b5e08c830a2b934b84586cd776020ad
Refreshing native plugins compatible for Editor in 5.74 ms, found 4 plugins.
Preloading 0 native plugins for Editor in 0.00 ms.
Unloading 124 Unused Serialized files (Serialized files now loaded: 0)
System memory in use before: 103.0 MB.
System memory in use after: 100.2 MB.

Unloading 53 unused Assets to reduce memory usage. Loaded Objects now: 5829.
Total: 6.663100 ms (FindLiveObjects: 0.406800 ms CreateObjectMapping: 0.320500 ms MarkObjects: 4.615600 ms  DeleteObjects: 1.318900 ms)

AssetImportParameters requested are different than current active one (requested -> active):
  custom:framework-win-MediaFoundation: 216162199b28c13a410421893ffa2e32 -> 
  custom:video-decoder-ogg-theora: a1e56fd34408186e4bbccfd4996cb3dc -> 
  custom:container-muxer-webm: aa71ff27fc2769a1b78a27578f13a17b -> 
  custom:container-demuxer-webm: 4f35f7cbe854078d1ac9338744f61a02 -> 
  custom:container-demuxer-ogg: 62fdf1f143b41e24485cea50d1cbac27 -> 
  custom:video-encoder-webm-vp8: eb34c28f22e8b96e1ab97ce403110664 -> 
  custom:video-codec-MediaFoundation-h265: 746d11721c4dcdbdad8f713fa42b33f4 -> 
  custom:video-decoder-webm-vp8: 9c59270c3fd7afecdb556c50c9e8de78 -> 
  custom:audio-decoder-ogg-vorbis: bf7c407c2cedff20999df2af8eb42d56 -> 
  custom:audio-encoder-webm-vorbis: bf7c407c2cedff20999df2af8eb42d56 -> 
========================================================================
Received Import Request.
  Time since last request: 140.317498 seconds.
  path: Assets/UniversalRenderPipelineAsset.asset
  artifactKey: Guid(0b5e08c830a2b934b84586cd776020ad) Importer(815301076,1909f56bfc062723c751e8b465ee728b)
Start importing Assets/UniversalRenderPipelineAsset.asset using Guid(0b5e08c830a2b934b84586cd776020ad) Importer(815301076,1909f56bfc062723c751e8b465ee728b)  -> (artifact id: 'b77de2e02ae2cc92689066327d5a92e6') in 0.008805 seconds 
========================================================================
Received Import Request.
  Time since last request: 100.886684 seconds.
  path: Assets/circle.png
  artifactKey: Guid(adfa4b3fc5e485047825dc3ffbf71d1a) Importer(815301076,1909f56bfc062723c751e8b465ee728b)
Start importing Assets/circle.png using Guid(adfa4b3fc5e485047825dc3ffbf71d1a) Importer(815301076,1909f56bfc062723c751e8b465ee728b)  -> (artifact id: 'c65cd0c058a3dcf80379b1ce310408ac') in 0.174321 seconds 
========================================================================
Received Import Request.
  Time since last request: 10.099613 seconds.
  path: Assets/particle.png
  artifactKey: Guid(e06832256f026864090546abced1f007) Importer(815301076,1909f56bfc062723c751e8b465ee728b)
Start importing Assets/particle.png using Guid(e06832256f026864090546abced1f007) Importer(815301076,1909f56bfc062723c751e8b465ee728b)  -> (artifact id: '907edf5a55cdd7cdc8edfad36b9ace21') in 0.031553 seconds 
========================================================================
Received Import Request.
  Time since last request: 6.361350 seconds.
  path: Assets/Scenes/SampleScene_Profiles/Global Post Processing Profile.asset
  artifactKey: Guid(b342263bdc9fcfd489ab9100e9ae149c) Importer(815301076,1909f56bfc062723c751e8b465ee728b)
Start importing Assets/Scenes/SampleScene_Profiles/Global Post Processing Profile.asset using Guid(b342263bdc9fcfd489ab9100e9ae149c) Importer(815301076,1909f56bfc062723c751e8b465ee728b)  -> (artifact id: '14adf685fa15213eee0655f4bc367a2f') in 0.020325 seconds 
========================================================================
Received Import Request.
  Time since last request: 23.898354 seconds.
  path: Assets/Scenes/SampleScene_Profiles/New Post-processing Profile.asset
  artifactKey: Guid(b332737d72149ea4d80e6a25f8e371bd) Importer(815301076,1909f56bfc062723c751e8b465ee728b)
Start importing Assets/Scenes/SampleScene_Profiles/New Post-processing Profile.asset using Guid(b332737d72149ea4d80e6a25f8e371bd) Importer(815301076,1909f56bfc062723c751e8b465ee728b)  -> (artifact id: 'ee6efabd02fea85f7847cce6b6fe4b60') in 0.011196 seconds 
========================================================================
Received Import Request.
  Time since last request: 4.881019 seconds.
  path: Assets/Scenes/SampleScene_Profiles/New Post-processing Profile.asset
  artifactKey: Guid(b332737d72149ea4d80e6a25f8e371bd) Importer(815301076,1909f56bfc062723c751e8b465ee728b)
Start importing Assets/Scenes/SampleScene_Profiles/New Post-processing Profile.asset using Guid(b332737d72149ea4d80e6a25f8e371bd) Importer(815301076,1909f56bfc062723c751e8b465ee728b)  -> (artifact id: '3c18110577f659ac8cff75df41dece3b') in 0.005535 seconds 
========================================================================
Received Import Request.
  Time since last request: 77.468543 seconds.
  path: Assets/Scenes/SampleScene_Profiles/Global Post Processing Profile.asset
  artifactKey: Guid(b342263bdc9fcfd489ab9100e9ae149c) Importer(815301076,1909f56bfc062723c751e8b465ee728b)
Start importing Assets/Scenes/SampleScene_Profiles/Global Post Processing Profile.asset using Guid(b342263bdc9fcfd489ab9100e9ae149c) Importer(815301076,1909f56bfc062723c751e8b465ee728b)  -> (artifact id: 'ab821636d4cca9d7180798dc06da18db') in 0.004168 seconds 
========================================================================
Received Import Request.
  Time since last request: 249.128405 seconds.
  path: Assets/Bullet.prefab
  artifactKey: Guid(73be350060257904a91755eb21e9c1e5) Importer(815301076,1909f56bfc062723c751e8b465ee728b)
Start importing Assets/Bullet.prefab using Guid(73be350060257904a91755eb21e9c1e5) Importer(815301076,1909f56bfc062723c751e8b465ee728b)  -> (artifact id: 'e7dd6b7310b37a5e69121c65b84a2db7') in 0.201313 seconds 
========================================================================
Received Import Request.
  Time since last request: 9.993299 seconds.
  path: Packages/com.unity.render-pipelines.universal/Runtime/Materials/Sprite-Lit-Default.mat
  artifactKey: Guid(a97c105638bdf8b4a8650670310a4cd3) Importer(815301076,1909f56bfc062723c751e8b465ee728b)
Start importing Packages/com.unity.render-pipelines.universal/Runtime/Materials/Sprite-Lit-Default.mat using Guid(a97c105638bdf8b4a8650670310a4cd3) Importer(815301076,1909f56bfc062723c751e8b465ee728b)  -> (artifact id: '776ef8d2896a74bff681bb5967490c8d') in 0.083166 seconds 
========================================================================
Received Import Request.
  Time since last request: 5.570997 seconds.
  path: Assets/Explosion.prefab
  artifactKey: Guid(f683b0ef9b1d297428dfd6e0f2b46dd8) Importer(815301076,1909f56bfc062723c751e8b465ee728b)
Start importing Assets/Explosion.prefab using Guid(f683b0ef9b1d297428dfd6e0f2b46dd8) Importer(815301076,1909f56bfc062723c751e8b465ee728b)  -> (artifact id: '22e5e0855098eec2ffb14b86d2830a96') in 0.036276 seconds 
========================================================================
Received Import Request.
  Time since last request: 25.910910 seconds.
  path: Assets/enemy.png
  artifactKey: Guid(1a2d803375c840e46b4c1c30234076aa) Importer(815301076,1909f56bfc062723c751e8b465ee728b)
Start importing Assets/enemy.png using Guid(1a2d803375c840e46b4c1c30234076aa) Importer(815301076,1909f56bfc062723c751e8b465ee728b)  -> (artifact id: '7411718855d1f1a8799ee81fd5a731e1') in 0.024690 seconds 
========================================================================
Received Import Request.
  Time since last request: 0.000284 seconds.
  path: Assets/player.png
  artifactKey: Guid(29724ec3496ca4641be827a9a0573193) Importer(815301076,1909f56bfc062723c751e8b465ee728b)
Start importing Assets/player.png using Guid(29724ec3496ca4641be827a9a0573193) Importer(815301076,1909f56bfc062723c751e8b465ee728b)  -> (artifact id: 'e3523f66ae1637829df2f148e61b3f98') in 0.022333 seconds 
========================================================================
Received Prepare
Registering precompiled user dll's ...
Registered in 0.008866 seconds.
Begin MonoManager ReloadAssembly
Symbol file LoadedFromMemory doesn't match image C:\Users\gurra\OneDrive\Dokument\GitHub\SummerProject\SummerWork\Library\PackageCache\com.unity.visualscripting@1.6.1\Editor\VisualScripting.Core\Dependencies\YamlDotNet\Unity.VisualScripting.YamlDotNet.dll
Symbol file LoadedFromMemory doesn't match image C:\Users\gurra\OneDrive\Dokument\GitHub\SummerProject\SummerWork\Library\PackageCache\com.unity.visualscripting@1.6.1\Editor\VisualScripting.Core\Dependencies\DotNetZip\Unity.VisualScripting.IonicZip.dll
Native extension for WindowsStandalone target not found
Refreshing native plugins compatible for Editor in 1.97 ms, found 4 plugins.
Preloading 0 native plugins for Editor in 0.00 ms.
Mono: successfully reloaded assembly
- Completed reload, in  1.625 seconds
Domain Reload Profiling:
	ReloadAssembly (1625ms)
		BeginReloadAssembly (200ms)
			ExecutionOrderSort (0ms)
			DisableScriptedObjects (11ms)
			BackupInstance (0ms)
			ReleaseScriptingObjects (0ms)
			CreateAndSetChildDomain (73ms)
		EndReloadAssembly (1348ms)
			LoadAssemblies (122ms)
			RebuildTransferFunctionScriptingTraits (0ms)
			SetupTypeCache (480ms)
			ReleaseScriptCaches (2ms)
			RebuildScriptCaches (64ms)
			SetupLoadedEditorAssemblies (472ms)
				LogAssemblyErrors (0ms)
				InitializePlatformSupportModulesInManaged (6ms)
				SetLoadedEditorAssemblies (1ms)
				RefreshPlugins (2ms)
				BeforeProcessingInitializeOnLoad (114ms)
				ProcessInitializeOnLoadAttributes (330ms)
				ProcessInitializeOnLoadMethodAttributes (11ms)
				AfterProcessingInitializeOnLoad (8ms)
				EditorAssembliesLoaded (0ms)
			ExecutionOrderSort2 (0ms)
			AwakeInstancesAfterBackupRestoration (23ms)
Platform modules already initialized, skipping
Refreshing native plugins compatible for Editor in 1.52 ms, found 4 plugins.
Preloading 0 native plugins for Editor in 0.00 ms.
Unloading 5296 Unused Serialized files (Serialized files now loaded: 0)
System memory in use before: 215.4 MB.
System memory in use after: 212.6 MB.

Unloading 56 unused Assets to reduce memory usage. Loaded Objects now: 5977.
Total: 6.906700 ms (FindLiveObjects: 0.432800 ms CreateObjectMapping: 0.327100 ms MarkObjects: 3.905800 ms  DeleteObjects: 2.239700 ms)

AssetImportParameters requested are different than current active one (requested -> active):
  custom:framework-win-MediaFoundation: 216162199b28c13a410421893ffa2e32 -> 
  custom:video-decoder-ogg-theora: a1e56fd34408186e4bbccfd4996cb3dc -> 
  custom:container-muxer-webm: aa71ff27fc2769a1b78a27578f13a17b -> 
  custom:container-demuxer-webm: 4f35f7cbe854078d1ac9338744f61a02 -> 
  custom:container-demuxer-ogg: 62fdf1f143b41e24485cea50d1cbac27 -> 
  custom:video-encoder-webm-vp8: eb34c28f22e8b96e1ab97ce403110664 -> 
  custom:video-codec-MediaFoundation-h265: 746d11721c4dcdbdad8f713fa42b33f4 -> 
  custom:video-decoder-webm-vp8: 9c59270c3fd7afecdb556c50c9e8de78 -> 
  custom:audio-decoder-ogg-vorbis: bf7c407c2cedff20999df2af8eb42d56 -> 
  custom:audio-encoder-webm-vorbis: bf7c407c2cedff20999df2af8eb42d56 -> 
========================================================================
Received Import Request.
  Time since last request: 5.425058 seconds.
  path: Assets/Explosion.prefab
  artifactKey: Guid(f683b0ef9b1d297428dfd6e0f2b46dd8) Importer(815301076,1909f56bfc062723c751e8b465ee728b)
Start importing Assets/Explosion.prefab using Guid(f683b0ef9b1d297428dfd6e0f2b46dd8) Importer(815301076,1909f56bfc062723c751e8b465ee728b)  -> (artifact id: '03b9ace14c1df297d0da8ecae3a7e02c') in 0.124757 seconds 
========================================================================
Received Import Request.
  Time since last request: 55.424961 seconds.
  path: Packages/com.unity.render-pipelines.universal/Runtime/Materials/SimpleLit.mat
  artifactKey: Guid(6a1143ee683302f4aa628c052723efc1) Importer(815301076,1909f56bfc062723c751e8b465ee728b)
Start importing Packages/com.unity.render-pipelines.universal/Runtime/Materials/SimpleLit.mat using Guid(6a1143ee683302f4aa628c052723efc1) Importer(815301076,1909f56bfc062723c751e8b465ee728b) Shader error in 'Universal Render Pipeline/Simple Lit': Couldn't open include file 'Packages/com.unity.render-pipelines.universal/Shaders/SimpleLitInput.hlsl'. at line 141

Compiling Fragment program with _GLOSSINESS_FROM_BASE_ALPHA
Platform defines: UNITY_ENABLE_REFLECTION_BUFFERS UNITY_USE_DITHER_MASK_FOR_ALPHABLENDED_SHADOWS UNITY_PBS_USE_BRDF1 UNITY_SPECCUBE_BOX_PROJECTION UNITY_SPECCUBE_BLENDING UNITY_ENABLE_DETAIL_NORMALMAP SHADER_API_DESKTOP UNITY_COLORSPACE_GAMMA UNITY_LIGHT_PROBE_PROXY_VOLUME UNITY_LIGHTMAP_FULL_HDR UNITY_PASS_SHADOWCASTER
Disabled keywords: DOTS_INSTANCING_ON INSTANCING_ON _ALPHATEST_ON UNITY_NO_DXT5nm UNITY_ENABLE_NATIVE_SHADOW_LOOKUPS UNITY_METAL_SHADOWS_USE_POINT_FILTERING UNITY_NO_SCREENSPACE_SHADOWS UNITY_PBS_USE_BRDF2 UNITY_PBS_USE_BRDF3 UNITY_NO_FULL_STANDARD_SHADER UNITY_HARDWARE_TIER1 UNITY_HARDWARE_TIER2 UNITY_HARDWARE_TIER3 UNITY_HALF_PRECISION_FRAGMENT_SHADER_REGISTERS UNITY_LIGHTMAP_DLDR_ENCODING UNITY_LIGHTMAP_RGBM_ENCODING UNITY_VIRTUAL_TEXTURING UNITY_PRETRANSFORM_TO_DISPLAY_ORIENTATION UNITY_ASTC_NORMALMAP_ENCODING SHADER_API_GLES30

 -> (artifact id: '540f82119e6f37ce0deed004cd411d71') in 0.168736 seconds 
========================================================================
Received Import Request.
  Time since last request: 0.000296 seconds.
  path: Packages/com.unity.render-pipelines.universal/Runtime/Materials/TerrainLit.mat
  artifactKey: Guid(594ea882c5a793440b60ff72d896021e) Importer(815301076,1909f56bfc062723c751e8b465ee728b)
Start importing Packages/com.unity.render-pipelines.universal/Runtime/Materials/TerrainLit.mat using Guid(594ea882c5a793440b60ff72d896021e) Importer(815301076,1909f56bfc062723c751e8b465ee728b)  -> (artifact id: 'd73890fa8353f8da22f0bc39dc4521ec') in 0.026937 seconds 
========================================================================
Received Import Request.
  Time since last request: 0.000274 seconds.
  path: Packages/com.unity.render-pipelines.universal/Runtime/Materials/Sprite-Unlit-Default.mat
  artifactKey: Guid(9dfc825aed78fcd4ba02077103263b40) Importer(815301076,1909f56bfc062723c751e8b465ee728b)
Start importing Packages/com.unity.render-pipelines.universal/Runtime/Materials/Sprite-Unlit-Default.mat using Guid(9dfc825aed78fcd4ba02077103263b40) Importer(815301076,1909f56bfc062723c751e8b465ee728b)  -> (artifact id: 'cbf7d22e2a16fb273e53886048e61b30') in 0.066228 seconds 
========================================================================
Received Import Request.
  Time since last request: 0.000264 seconds.
  path: Assets/StarBackground.mat
  artifactKey: Guid(01f6e04dcee1abd44baf685c2c154df4) Importer(815301076,1909f56bfc062723c751e8b465ee728b)
Start importing Assets/StarBackground.mat using Guid(01f6e04dcee1abd44baf685c2c154df4) Importer(815301076,1909f56bfc062723c751e8b465ee728b)  -> (artifact id: 'd71c4521c5ff508523cdc7032e789265') in 0.022341 seconds 
========================================================================
Received Import Request.
  Time since last request: 1.708736 seconds.
  path: Assets/Player.mat
  artifactKey: Guid(fb5b901df3d1d7e40bc5a9a67bbc6a1c) Importer(815301076,1909f56bfc062723c751e8b465ee728b)
Start importing Assets/Player.mat using Guid(fb5b901df3d1d7e40bc5a9a67bbc6a1c) Importer(815301076,1909f56bfc062723c751e8b465ee728b)  -> (artifact id: '85ff4253581cdc1bc61e90712c54186f') in 0.038061 seconds 
========================================================================
Received Import Request.
  Time since last request: 0.367525 seconds.
  path: Packages/com.unity.render-pipelines.universal/Runtime/Materials/ParticlesUnlit.mat
  artifactKey: Guid(e823cd5b5d27c0f4b8256e7c12ee3e6d) Importer(815301076,1909f56bfc062723c751e8b465ee728b)
Start importing Packages/com.unity.render-pipelines.universal/Runtime/Materials/ParticlesUnlit.mat using Guid(e823cd5b5d27c0f4b8256e7c12ee3e6d) Importer(815301076,1909f56bfc062723c751e8b465ee728b)  -> (artifact id: '353328b17f0e2a8ec0b16bdc38256590') in 0.019908 seconds 
========================================================================
Received Import Request.
  Time since last request: 0.172949 seconds.
  path: Assets/ParticleMaterial.mat
  artifactKey: Guid(849c4c1452e91414e85025d90f8f7be7) Importer(815301076,1909f56bfc062723c751e8b465ee728b)
Start importing Assets/ParticleMaterial.mat using Guid(849c4c1452e91414e85025d90f8f7be7) Importer(815301076,1909f56bfc062723c751e8b465ee728b)  -> (artifact id: 'a44b9728953faeb5390cd5a557c3c881') in 0.029050 seconds 
========================================================================
Received Import Request.
  Time since last request: 0.803091 seconds.
  path: Packages/com.unity.render-pipelines.universal/Runtime/Materials/Lit.mat
  artifactKey: Guid(31321ba15b8f8eb4c954353edc038b1d) Importer(815301076,1909f56bfc062723c751e8b465ee728b)
Start importing Packages/com.unity.render-pipelines.universal/Runtime/Materials/Lit.mat using Guid(31321ba15b8f8eb4c954353edc038b1d) Importer(815301076,1909f56bfc062723c751e8b465ee728b)  -> (artifact id: '2954188ee6758e843cbe10d30c561df3') in 0.021494 seconds 
========================================================================
Received Import Request.
  Time since last request: 0.113307 seconds.
  path: Packages/com.unity.searcher/Editor/Resources/FlatSkin/Font/Roboto-Bold.ttf
  artifactKey: Guid(3750c318f40cab44a97d3a81beaefeb3) Importer(815301076,1909f56bfc062723c751e8b465ee728b)
Start importing Packages/com.unity.searcher/Editor/Resources/FlatSkin/Font/Roboto-Bold.ttf using Guid(3750c318f40cab44a97d3a81beaefeb3) Importer(815301076,1909f56bfc062723c751e8b465ee728b)  -> (artifact id: '8571a0d5ea6be75ecfe8bcc8da0dd3ad') in 0.145365 seconds 
========================================================================
Received Import Request.
  Time since last request: 1.188122 seconds.
  path: Packages/com.unity.render-pipelines.core/Runtime/Debugging/Prefabs/Fonts/PerfectDOSVGA437.ttf
  artifactKey: Guid(74a5091d8707f334b9a5c31ef71a64ba) Importer(815301076,1909f56bfc062723c751e8b465ee728b)
Start importing Packages/com.unity.render-pipelines.core/Runtime/Debugging/Prefabs/Fonts/PerfectDOSVGA437.ttf using Guid(74a5091d8707f334b9a5c31ef71a64ba) Importer(815301076,1909f56bfc062723c751e8b465ee728b)  -> (artifact id: '456fe3301f3ad28f8795b796f3ce2c1b') in 0.038908 seconds 
========================================================================
Received Import Request.
  Time since last request: 0.424125 seconds.
  path: Packages/com.unity.searcher/Editor/Resources/FlatSkin/Font/Roboto-Black.ttf
  artifactKey: Guid(1062c701058745940ae5dca6219c64c8) Importer(815301076,1909f56bfc062723c751e8b465ee728b)
Start importing Packages/com.unity.searcher/Editor/Resources/FlatSkin/Font/Roboto-Black.ttf using Guid(1062c701058745940ae5dca6219c64c8) Importer(815301076,1909f56bfc062723c751e8b465ee728b)  -> (artifact id: 'fd5406482be3dc6978707946f25cf24c') in 0.017753 seconds 
========================================================================
Received Import Request.
  Time since last request: 4.561460 seconds.
  path: Assets/Explosion.prefab
  artifactKey: Guid(f683b0ef9b1d297428dfd6e0f2b46dd8) Importer(815301076,1909f56bfc062723c751e8b465ee728b)
Start importing Assets/Explosion.prefab using Guid(f683b0ef9b1d297428dfd6e0f2b46dd8) Importer(815301076,1909f56bfc062723c751e8b465ee728b)  -> (artifact id: '0de593fbff75dc218b3b35b42bf1996e') in 0.005394 seconds 
========================================================================
Received Import Request.
  Time since last request: 21.821146 seconds.
  path: Assets/Door.mat
  artifactKey: Guid(c135e96bf784f1b4bb59aa9de46be36a) Importer(815301076,1909f56bfc062723c751e8b465ee728b)
Start importing Assets/Door.mat using Guid(c135e96bf784f1b4bb59aa9de46be36a) Importer(815301076,1909f56bfc062723c751e8b465ee728b)  -> (artifact id: 'b47a26b03ad1faaa8fd5c82e3716a51b') in 0.015012 seconds 
========================================================================
Received Import Request.
  Time since last request: 0.000305 seconds.
  path: Packages/com.unity.searcher/Editor/Resources/FlatSkin/Font/Roboto-Thin.ttf
  artifactKey: Guid(19a9abb883540be48b75b951a927ae03) Importer(815301076,1909f56bfc062723c751e8b465ee728b)
Start importing Packages/com.unity.searcher/Editor/Resources/FlatSkin/Font/Roboto-Thin.ttf using Guid(19a9abb883540be48b75b951a927ae03) Importer(815301076,1909f56bfc062723c751e8b465ee728b)  -> (artifact id: '5196c828e69e49674a196facdbda8bb0') in 0.019612 seconds 
========================================================================
Received Import Request.
  Time since last request: 0.000267 seconds.
  path: Packages/com.unity.searcher/Editor/Resources/FlatSkin/Font/Roboto-ThinItalic.ttf
  artifactKey: Guid(b2ea3b3f1765e544b9eb5bd1a93a91ce) Importer(815301076,1909f56bfc062723c751e8b465ee728b)
Start importing Packages/com.unity.searcher/Editor/Resources/FlatSkin/Font/Roboto-ThinItalic.ttf using Guid(b2ea3b3f1765e544b9eb5bd1a93a91ce) Importer(815301076,1909f56bfc062723c751e8b465ee728b)  -> (artifact id: '434104ea39ba01f66bf4fa1bc6eee438') in 0.025807 seconds 
========================================================================
Received Import Request.
  Time since last request: 0.000287 seconds.
  path: Assets/EnemyMaterial.mat
  artifactKey: Guid(144886935d5eb764bb373c4c80bb28ef) Importer(815301076,1909f56bfc062723c751e8b465ee728b)
Start importing Assets/EnemyMaterial.mat using Guid(144886935d5eb764bb373c4c80bb28ef) Importer(815301076,1909f56bfc062723c751e8b465ee728b)  -> (artifact id: '7b3dec43cd4b8d95fefed5d789e2a5d8') in 0.036331 seconds 
========================================================================
Received Prepare
Registering precompiled user dll's ...
Registered in 0.008679 seconds.
Begin MonoManager ReloadAssembly
Symbol file LoadedFromMemory doesn't match image C:\Users\gurra\OneDrive\Dokument\GitHub\SummerProject\SummerWork\Library\PackageCache\com.unity.visualscripting@1.6.1\Editor\VisualScripting.Core\Dependencies\YamlDotNet\Unity.VisualScripting.YamlDotNet.dll
Symbol file LoadedFromMemory doesn't match image C:\Users\gurra\OneDrive\Dokument\GitHub\SummerProject\SummerWork\Library\PackageCache\com.unity.visualscripting@1.6.1\Editor\VisualScripting.Core\Dependencies\DotNetZip\Unity.VisualScripting.IonicZip.dll
Native extension for WindowsStandalone target not found
Refreshing native plugins compatible for Editor in 1.03 ms, found 4 plugins.
Preloading 0 native plugins for Editor in 0.00 ms.
Mono: successfully reloaded assembly
- Completed reload, in  1.663 seconds
Domain Reload Profiling:
	ReloadAssembly (1663ms)
		BeginReloadAssembly (154ms)
			ExecutionOrderSort (0ms)
			DisableScriptedObjects (10ms)
			BackupInstance (0ms)
			ReleaseScriptingObjects (0ms)
			CreateAndSetChildDomain (58ms)
		EndReloadAssembly (1439ms)
			LoadAssemblies (119ms)
			RebuildTransferFunctionScriptingTraits (0ms)
			SetupTypeCache (529ms)
			ReleaseScriptCaches (2ms)
			RebuildScriptCaches (76ms)
			SetupLoadedEditorAssemblies (508ms)
				LogAssemblyErrors (0ms)
				InitializePlatformSupportModulesInManaged (6ms)
				SetLoadedEditorAssemblies (0ms)
				RefreshPlugins (1ms)
				BeforeProcessingInitializeOnLoad (109ms)
				ProcessInitializeOnLoadAttributes (372ms)
				ProcessInitializeOnLoadMethodAttributes (11ms)
				AfterProcessingInitializeOnLoad (8ms)
				EditorAssembliesLoaded (0ms)
			ExecutionOrderSort2 (0ms)
			AwakeInstancesAfterBackupRestoration (22ms)
Platform modules already initialized, skipping
Refreshing native plugins compatible for Editor in 1.20 ms, found 4 plugins.
Preloading 0 native plugins for Editor in 0.00 ms.
Unloading 5295 Unused Serialized files (Serialized files now loaded: 0)
System memory in use before: 217.8 MB.
System memory in use after: 216.0 MB.

Unloading 48 unused Assets to reduce memory usage. Loaded Objects now: 6106.
Total: 7.151700 ms (FindLiveObjects: 0.709300 ms CreateObjectMapping: 0.822300 ms MarkObjects: 4.705000 ms  DeleteObjects: 0.913900 ms)

AssetImportParameters requested are different than current active one (requested -> active):
  custom:framework-win-MediaFoundation: 216162199b28c13a410421893ffa2e32 -> 
  custom:video-decoder-ogg-theora: a1e56fd34408186e4bbccfd4996cb3dc -> 
  custom:container-muxer-webm: aa71ff27fc2769a1b78a27578f13a17b -> 
  custom:container-demuxer-webm: 4f35f7cbe854078d1ac9338744f61a02 -> 
  custom:container-demuxer-ogg: 62fdf1f143b41e24485cea50d1cbac27 -> 
  custom:video-encoder-webm-vp8: eb34c28f22e8b96e1ab97ce403110664 -> 
  custom:video-codec-MediaFoundation-h265: 746d11721c4dcdbdad8f713fa42b33f4 -> 
  custom:video-decoder-webm-vp8: 9c59270c3fd7afecdb556c50c9e8de78 -> 
  custom:audio-decoder-ogg-vorbis: bf7c407c2cedff20999df2af8eb42d56 -> 
  custom:audio-encoder-webm-vorbis: bf7c407c2cedff20999df2af8eb42d56 -> 
========================================================================
Received Import Request.
  Time since last request: 13.345652 seconds.
  path: Assets/Bullet.prefab
  artifactKey: Guid(73be350060257904a91755eb21e9c1e5) Importer(815301076,1909f56bfc062723c751e8b465ee728b)
Start importing Assets/Bullet.prefab using Guid(73be350060257904a91755eb21e9c1e5) Importer(815301076,1909f56bfc062723c751e8b465ee728b)  -> (artifact id: '38f3c66bf0cc8130bafbf195631b631e') in 0.199158 seconds 
========================================================================
Received Prepare
Registering precompiled user dll's ...
Registered in 0.008348 seconds.
Begin MonoManager ReloadAssembly
Symbol file LoadedFromMemory doesn't match image C:\Users\gurra\OneDrive\Dokument\GitHub\SummerProject\SummerWork\Library\PackageCache\com.unity.visualscripting@1.6.1\Editor\VisualScripting.Core\Dependencies\YamlDotNet\Unity.VisualScripting.YamlDotNet.dll
Symbol file LoadedFromMemory doesn't match image C:\Users\gurra\OneDrive\Dokument\GitHub\SummerProject\SummerWork\Library\PackageCache\com.unity.visualscripting@1.6.1\Editor\VisualScripting.Core\Dependencies\DotNetZip\Unity.VisualScripting.IonicZip.dll
Native extension for WindowsStandalone target not found
Refreshing native plugins compatible for Editor in 0.94 ms, found 4 plugins.
Preloading 0 native plugins for Editor in 0.00 ms.
Mono: successfully reloaded assembly
- Completed reload, in  1.525 seconds
Domain Reload Profiling:
	ReloadAssembly (1526ms)
		BeginReloadAssembly (162ms)
			ExecutionOrderSort (0ms)
			DisableScriptedObjects (18ms)
			BackupInstance (0ms)
			ReleaseScriptingObjects (0ms)
			CreateAndSetChildDomain (56ms)
		EndReloadAssembly (1294ms)
			LoadAssemblies (110ms)
			RebuildTransferFunctionScriptingTraits (0ms)
			SetupTypeCache (445ms)
			ReleaseScriptCaches (3ms)
			RebuildScriptCaches (67ms)
			SetupLoadedEditorAssemblies (446ms)
				LogAssemblyErrors (0ms)
				InitializePlatformSupportModulesInManaged (5ms)
				SetLoadedEditorAssemblies (1ms)
				RefreshPlugins (1ms)
				BeforeProcessingInitializeOnLoad (107ms)
				ProcessInitializeOnLoadAttributes (314ms)
				ProcessInitializeOnLoadMethodAttributes (10ms)
				AfterProcessingInitializeOnLoad (8ms)
				EditorAssembliesLoaded (0ms)
			ExecutionOrderSort2 (0ms)
			AwakeInstancesAfterBackupRestoration (25ms)
Platform modules already initialized, skipping
Refreshing native plugins compatible for Editor in 0.93 ms, found 4 plugins.
Preloading 0 native plugins for Editor in 0.00 ms.
Unloading 5283 Unused Serialized files (Serialized files now loaded: 0)
System memory in use before: 216.9 MB.
System memory in use after: 215.2 MB.

Unloading 47 unused Assets to reduce memory usage. Loaded Objects now: 6148.
Total: 5.478400 ms (FindLiveObjects: 0.462600 ms CreateObjectMapping: 0.500500 ms MarkObjects: 3.580300 ms  DeleteObjects: 0.933800 ms)

AssetImportParameters requested are different than current active one (requested -> active):
  custom:framework-win-MediaFoundation: 216162199b28c13a410421893ffa2e32 -> 
  custom:video-decoder-ogg-theora: a1e56fd34408186e4bbccfd4996cb3dc -> 
  custom:container-muxer-webm: aa71ff27fc2769a1b78a27578f13a17b -> 
  custom:container-demuxer-webm: 4f35f7cbe854078d1ac9338744f61a02 -> 
  custom:container-demuxer-ogg: 62fdf1f143b41e24485cea50d1cbac27 -> 
  custom:video-encoder-webm-vp8: eb34c28f22e8b96e1ab97ce403110664 -> 
  custom:video-codec-MediaFoundation-h265: 746d11721c4dcdbdad8f713fa42b33f4 -> 
  custom:video-decoder-webm-vp8: 9c59270c3fd7afecdb556c50c9e8de78 -> 
  custom:audio-decoder-ogg-vorbis: bf7c407c2cedff20999df2af8eb42d56 -> 
  custom:audio-encoder-webm-vorbis: bf7c407c2cedff20999df2af8eb42d56 -> 
========================================================================
Received Import Request.
  Time since last request: 16.610665 seconds.
  path: Assets/StarField.shadergraph
  artifactKey: Guid(16017ba4ff1d71541aa0a211f2aa7054) Importer(815301076,1909f56bfc062723c751e8b465ee728b)
Start importing Assets/StarField.shadergraph using Guid(16017ba4ff1d71541aa0a211f2aa7054) Importer(815301076,1909f56bfc062723c751e8b465ee728b)  -> (artifact id: '1735bccd3f68721bb00f909b079a34e9') in 0.026988 seconds 
========================================================================
Received Import Request.
  Time since last request: 134.421786 seconds.
  path: Assets/StarField 1.shadergraph
  artifactKey: Guid(d9f3286a1a61bf74bbc4664a06e90b37) Importer(815301076,1909f56bfc062723c751e8b465ee728b)
Start importing Assets/StarField 1.shadergraph using Guid(d9f3286a1a61bf74bbc4664a06e90b37) Importer(815301076,1909f56bfc062723c751e8b465ee728b)  -> (artifact id: 'bda006d0d6cb36f702f83e20d59bf3b1') in 0.008587 seconds 
========================================================================
Received Import Request.
  Time since last request: 1.846688 seconds.
  path: Assets/StarField.shadergraph
  artifactKey: Guid(16017ba4ff1d71541aa0a211f2aa7054) Importer(815301076,1909f56bfc062723c751e8b465ee728b)
Start importing Assets/StarField.shadergraph using Guid(16017ba4ff1d71541aa0a211f2aa7054) Importer(815301076,1909f56bfc062723c751e8b465ee728b)  -> (artifact id: '8240db9d12a5d6410a55dd97f2dd6eaf') in 0.004108 seconds 
========================================================================
Received Import Request.
  Time since last request: 0.614330 seconds.
  path: Assets/StarField.shader
  artifactKey: Guid(5804e6f86b3f1dd44a766245218f5c37) Importer(815301076,1909f56bfc062723c751e8b465ee728b)
Start importing Assets/StarField.shader using Guid(5804e6f86b3f1dd44a766245218f5c37) Importer(815301076,1909f56bfc062723c751e8b465ee728b)  -> (artifact id: 'd83399511e83504e79f5eec43e52e261') in 0.005162 seconds 
========================================================================
Received Import Request.
  Time since last request: 106.156070 seconds.
  path: Assets/NewUnlitShader.shader
  artifactKey: Guid(87326a0d37565c349b1bc72cf5c0caf9) Importer(815301076,1909f56bfc062723c751e8b465ee728b)
Start importing Assets/NewUnlitShader.shader using Guid(87326a0d37565c349b1bc72cf5c0caf9) Importer(815301076,1909f56bfc062723c751e8b465ee728b)  -> (artifact id: 'f2da1c56b037d6a9d48593469a492e1f') in 0.002980 seconds 
========================================================================
Received Import Request.
  Time since last request: 6.929281 seconds.
  path: Assets/StarField.shadergraph
  artifactKey: Guid(d9f3286a1a61bf74bbc4664a06e90b37) Importer(815301076,1909f56bfc062723c751e8b465ee728b)
Start importing Assets/StarField.shadergraph using Guid(d9f3286a1a61bf74bbc4664a06e90b37) Importer(815301076,1909f56bfc062723c751e8b465ee728b)  -> (artifact id: 'cffa491a130b43dcf44df5c8434aa3bd') in 0.004429 seconds 
========================================================================
Received Prepare
Registering precompiled user dll's ...
Registered in 0.008821 seconds.
Begin MonoManager ReloadAssembly
Symbol file LoadedFromMemory doesn't match image C:\Users\gurra\OneDrive\Dokument\GitHub\SummerProject\SummerWork\Library\PackageCache\com.unity.visualscripting@1.6.1\Editor\VisualScripting.Core\Dependencies\YamlDotNet\Unity.VisualScripting.YamlDotNet.dll
Symbol file LoadedFromMemory doesn't match image C:\Users\gurra\OneDrive\Dokument\GitHub\SummerProject\SummerWork\Library\PackageCache\com.unity.visualscripting@1.6.1\Editor\VisualScripting.Core\Dependencies\DotNetZip\Unity.VisualScripting.IonicZip.dll
Native extension for WindowsStandalone target not found
Refreshing native plugins compatible for Editor in 1.62 ms, found 4 plugins.
Preloading 0 native plugins for Editor in 0.00 ms.
Mono: successfully reloaded assembly
- Completed reload, in  1.457 seconds
Domain Reload Profiling:
	ReloadAssembly (1457ms)
		BeginReloadAssembly (140ms)
			ExecutionOrderSort (0ms)
			DisableScriptedObjects (10ms)
			BackupInstance (0ms)
			ReleaseScriptingObjects (0ms)
			CreateAndSetChildDomain (46ms)
		EndReloadAssembly (1240ms)
			LoadAssemblies (117ms)
			RebuildTransferFunctionScriptingTraits (0ms)
			SetupTypeCache (450ms)
			ReleaseScriptCaches (2ms)
			RebuildScriptCaches (56ms)
			SetupLoadedEditorAssemblies (446ms)
				LogAssemblyErrors (0ms)
				InitializePlatformSupportModulesInManaged (10ms)
				SetLoadedEditorAssemblies (1ms)
				RefreshPlugins (2ms)
				BeforeProcessingInitializeOnLoad (114ms)
				ProcessInitializeOnLoadAttributes (300ms)
				ProcessInitializeOnLoadMethodAttributes (10ms)
				AfterProcessingInitializeOnLoad (8ms)
				EditorAssembliesLoaded (0ms)
			ExecutionOrderSort2 (0ms)
			AwakeInstancesAfterBackupRestoration (24ms)
Platform modules already initialized, skipping
Refreshing native plugins compatible for Editor in 1.06 ms, found 4 plugins.
Preloading 0 native plugins for Editor in 0.00 ms.
Unloading 5283 Unused Serialized files (Serialized files now loaded: 0)
System memory in use before: 216.8 MB.
System memory in use after: 215.0 MB.

Unloading 47 unused Assets to reduce memory usage. Loaded Objects now: 6152.
Total: 4.924900 ms (FindLiveObjects: 0.441000 ms CreateObjectMapping: 0.259300 ms MarkObjects: 3.307400 ms  DeleteObjects: 0.916200 ms)

AssetImportParameters requested are different than current active one (requested -> active):
  custom:framework-win-MediaFoundation: 216162199b28c13a410421893ffa2e32 -> 
  custom:video-decoder-ogg-theora: a1e56fd34408186e4bbccfd4996cb3dc -> 
  custom:container-muxer-webm: aa71ff27fc2769a1b78a27578f13a17b -> 
  custom:container-demuxer-webm: 4f35f7cbe854078d1ac9338744f61a02 -> 
  custom:container-demuxer-ogg: 62fdf1f143b41e24485cea50d1cbac27 -> 
  custom:video-encoder-webm-vp8: eb34c28f22e8b96e1ab97ce403110664 -> 
  custom:video-codec-MediaFoundation-h265: 746d11721c4dcdbdad8f713fa42b33f4 -> 
  custom:video-decoder-webm-vp8: 9c59270c3fd7afecdb556c50c9e8de78 -> 
  custom:audio-decoder-ogg-vorbis: bf7c407c2cedff20999df2af8eb42d56 -> 
  custom:audio-encoder-webm-vorbis: bf7c407c2cedff20999df2af8eb42d56 -> 
AssetImportWorkerClient::OnTransportError - code=2 error=End of file
